0 verbose cli /usr/local/bin/node /usr/local/bin/npm
1 info using npm@11.13.0
2 info using node@v24.16.0
3 silly config load:file:/usr/local/lib/node_modules/npm/npmrc
4 silly config load:file:/Users/darshilsachingunjal/localrepo/.npmrc
5 silly config load:file:/Users/darshilsachingunjal/.npmrc
6 silly config load:file:/usr/local/etc/npmrc
7 verbose title npm install @react-three/fiber@latest @react-three/drei@latest
8 verbose argv "install" "--cache" "/Users/darshilsachingunjal/localrepo/.npm-cache" "--legacy-peer-deps" "@react-three/fiber@latest" "@react-three/drei@latest"
9 verbose logfile logs-max:10 dir:/Users/darshilsachingunjal/localrepo/.npm-cache/_logs/2026-07-19T15_07_19_035Z-
10 verbose logfile /Users/darshilsachingunjal/localrepo/.npm-cache/_logs/2026-07-19T15_07_19_035Z-debug-0.log
11 silly logfile done cleaning log files
12 silly packumentCache heap:4496293888 maxSize:1124073472 maxEntrySize:562036736
13 verbose shrinkwrap failed to load node_modules/.package-lock.json out of date, updated: node_modules
14 silly packumentCache corgi:https://registry.npmjs.org/@react-three%2ffiber cache-miss
15 silly packumentCache corgi:https://registry.npmjs.org/@react-three%2fdrei cache-miss
16 http fetch GET 200 https://registry.npmjs.org/@react-three%2ffiber 784ms (cache miss)
17 silly packumentCache corgi:https://registry.npmjs.org/@react-three%2ffiber set size:undefined disposed:false
18 http fetch GET 200 https://registry.npmjs.org/@react-three%2fdrei 953ms (cache miss)
19 silly packumentCache corgi:https://registry.npmjs.org/@react-three%2fdrei set size:undefined disposed:false
20 silly idealTree buildDeps
21 silly fetch manifest @react-three/drei@10.7.7
22 silly packumentCache full:https://registry.npmjs.org/@react-three%2fdrei cache-miss
23 http fetch GET 200 https://registry.npmjs.org/@react-three%2fdrei 831ms (cache revalidated)
24 silly packumentCache full:https://registry.npmjs.org/@react-three%2fdrei set size:2751174 disposed:false
25 silly fetch manifest @react-three/fiber@9.6.1
26 silly packumentCache full:https://registry.npmjs.org/@react-three%2ffiber cache-miss
27 http cache https://registry.npmjs.org/@react-three%2ffiber 4ms (cache hit)
28 silly packumentCache full:https://registry.npmjs.org/@react-three%2ffiber set size:1139824 disposed:false
29 silly placeDep ROOT @react-three/drei@10.7.7 REPLACE for: suraag-ai@1.0.0 want: 10.7.7
30 silly placeDep ROOT @react-three/fiber@9.6.1 REPLACE for: suraag-ai@1.0.0 want: 9.6.1
31 silly fetch manifest three-mesh-bvh@^0.8.3
32 silly packumentCache full:https://registry.npmjs.org/three-mesh-bvh cache-miss
33 silly fetch manifest camera-controls@^3.1.0
34 silly packumentCache full:https://registry.npmjs.org/camera-controls cache-miss
35 silly fetch manifest its-fine@^2.0.0
36 silly packumentCache full:https://registry.npmjs.org/its-fine cache-miss
37 silly fetch manifest scheduler@^0.27.0
38 silly packumentCache full:https://registry.npmjs.org/scheduler cache-miss
39 http fetch GET 200 https://registry.npmjs.org/scheduler 56ms (cache revalidated)
40 silly packumentCache full:https://registry.npmjs.org/scheduler set size:5625248 disposed:false
41 http fetch GET 200 https://registry.npmjs.org/camera-controls 291ms (cache revalidated)
42 silly packumentCache full:https://registry.npmjs.org/camera-controls set size:507988 disposed:false
43 http fetch GET 200 https://registry.npmjs.org/three-mesh-bvh 387ms (cache revalidated)
44 silly packumentCache full:https://registry.npmjs.org/three-mesh-bvh set size:289392 disposed:false
45 http fetch GET 200 https://registry.npmjs.org/its-fine 400ms (cache revalidated)
46 silly packumentCache full:https://registry.npmjs.org/its-fine set size:119242 disposed:false
47 silly placeDep ROOT camera-controls@3.1.2 OK for: @react-three/drei@10.7.7 want: ^3.1.0
48 silly placeDep ROOT three-mesh-bvh@0.8.3 OK for: @react-three/drei@10.7.7 want: ^0.8.3
49 silly placeDep ROOT its-fine@2.0.0 OK for: @react-three/fiber@9.6.1 want: ^2.0.0
50 silly placeDep ROOT scheduler@0.27.0 OK for: @react-three/fiber@9.6.1 want: ^0.27.0
51 silly fetch manifest @types/react-reconciler@^0.28.9
52 silly packumentCache full:https://registry.npmjs.org/@types%2freact-reconciler cache-miss
53 http fetch GET 200 https://registry.npmjs.org/@types%2freact-reconciler 583ms (cache revalidated)
54 silly packumentCache full:https://registry.npmjs.org/@types%2freact-reconciler set size:61372 disposed:false
55 silly placeDep ROOT @types/react-reconciler@0.28.9 OK for: its-fine@2.0.0 want: ^0.28.9
56 silly reify mark retired [ '/Users/darshilsachingunjal/localrepo/node_modules/camera-controls' ]
57 silly reify mark retired [ '/Users/darshilsachingunjal/localrepo/node_modules/its-fine' ]
58 silly reify mark retired [
58 silly reify   '/Users/darshilsachingunjal/localrepo/node_modules/react-dom/node_modules/scheduler'
58 silly reify ]
59 silly reify mark retired [ '/Users/darshilsachingunjal/localrepo/node_modules/react-composer' ]
60 silly reify mark retired [
60 silly reify   '/Users/darshilsachingunjal/localrepo/node_modules/react-reconciler'
60 silly reify ]
61 silly reify mark retired [ '/Users/darshilsachingunjal/localrepo/node_modules/scheduler' ]
62 silly reify mark retired [ '/Users/darshilsachingunjal/localrepo/node_modules/three-mesh-bvh' ]
63 silly reify mark retired [
63 silly reify   '/Users/darshilsachingunjal/localrepo/node_modules/@react-spring/animated'
63 silly reify ]
64 silly reify mark retired [
64 silly reify   '/Users/darshilsachingunjal/localrepo/node_modules/@react-spring/rafz'
64 silly reify ]
65 silly reify mark retired [
65 silly reify   '/Users/darshilsachingunjal/localrepo/node_modules/@react-spring/shared'
65 silly reify ]
66 silly reify mark retired [
66 silly reify   '/Users/darshilsachingunjal/localrepo/node_modules/@react-spring/three'
66 silly reify ]
67 silly reify mark retired [
67 silly reify   '/Users/darshilsachingunjal/localrepo/node_modules/@react-spring/types'
67 silly reify ]
68 silly reify mark retired [
68 silly reify   '/Users/darshilsachingunjal/localrepo/node_modules/@react-three/drei'
68 silly reify ]
69 silly reify mark retired [
69 silly reify   '/Users/darshilsachingunjal/localrepo/node_modules/@react-three/fiber'
69 silly reify ]
70 silly reify mark retired [
70 silly reify   '/Users/darshilsachingunjal/localrepo/node_modules/@react-spring/core'
70 silly reify ]
71 silly reify mark retired [
71 silly reify   '/Users/darshilsachingunjal/localrepo/node_modules/@types/react-reconciler'
71 silly reify ]
72 silly reify moves {
72 silly reify   '/Users/darshilsachingunjal/localrepo/node_modules/camera-controls': '/Users/darshilsachingunjal/localrepo/node_modules/.camera-controls-byxlYsSx',
72 silly reify   '/Users/darshilsachingunjal/localrepo/node_modules/its-fine': '/Users/darshilsachingunjal/localrepo/node_modules/.its-fine-TP86Ludc',
72 silly reify   '/Users/darshilsachingunjal/localrepo/node_modules/react-dom/node_modules/scheduler': '/Users/darshilsachingunjal/localrepo/node_modules/react-dom/node_modules/.scheduler-NbQPIEUV',
72 silly reify   '/Users/darshilsachingunjal/localrepo/node_modules/react-composer': '/Users/darshilsachingunjal/localrepo/node_modules/.react-composer-xIx8uMSX',
72 silly reify   '/Users/darshilsachingunjal/localrepo/node_modules/react-reconciler': '/Users/darshilsachingunjal/localrepo/node_modules/.react-reconciler-nVbgQyKt',
72 silly reify   '/Users/darshilsachingunjal/localrepo/node_modules/scheduler': '/Users/darshilsachingunjal/localrepo/node_modules/.scheduler-EdRUmIgE',
72 silly reify   '/Users/darshilsachingunjal/localrepo/node_modules/three-mesh-bvh': '/Users/darshilsachingunjal/localrepo/node_modules/.three-mesh-bvh-NI6j9Ttr',
72 silly reify   '/Users/darshilsachingunjal/localrepo/node_modules/@react-spring/animated': '/Users/darshilsachingunjal/localrepo/node_modules/@react-spring/.animated-MNOGxjPn',
72 silly reify   '/Users/darshilsachingunjal/localrepo/node_modules/@react-spring/rafz': '/Users/darshilsachingunjal/localrepo/node_modules/@react-spring/.rafz-BuLOQCO2',
72 silly reify   '/Users/darshilsachingunjal/localrepo/node_modules/@react-spring/shared': '/Users/darshilsachingunjal/localrepo/node_modules/@react-spring/.shared-eYof600c',
72 silly reify   '/Users/darshilsachingunjal/localrepo/node_modules/@react-spring/three': '/Users/darshilsachingunjal/localrepo/node_modules/@react-spring/.three-L24vLvFy',
72 silly reify   '/Users/darshilsachingunjal/localrepo/node_modules/@react-spring/types': '/Users/darshilsachingunjal/localrepo/node_modules/@react-spring/.types-uLUIb8qo',
72 silly reify   '/Users/darshilsachingunjal/localrepo/node_modules/@react-three/drei': '/Users/darshilsachingunjal/localrepo/node_modules/@react-three/.drei-WUMNLTt9',
72 silly reify   '/Users/darshilsachingunjal/localrepo/node_modules/@react-three/fiber': '/Users/darshilsachingunjal/localrepo/node_modules/@react-three/.fiber-x4dsE0WB',
72 silly reify   '/Users/darshilsachingunjal/localrepo/node_modules/@react-spring/core': '/Users/darshilsachingunjal/localrepo/node_modules/@react-spring/.core-KZAnAKzk',
72 silly reify   '/Users/darshilsachingunjal/localrepo/node_modules/@types/react-reconciler': '/Users/darshilsachingunjal/localrepo/node_modules/@types/.react-reconciler-NYLlVNwd'
72 silly reify }
73 silly audit bulk request {
73 silly audit   '@alloc/quick-lru': [ '5.2.0' ],
73 silly audit   '@babel/code-frame': [ '7.29.7' ],
73 silly audit   '@babel/compat-data': [ '7.29.7' ],
73 silly audit   '@babel/core': [ '7.29.7' ],
73 silly audit   '@babel/generator': [ '7.29.7' ],
73 silly audit   '@babel/helper-compilation-targets': [ '7.29.7' ],
73 silly audit   '@babel/helper-globals': [ '7.29.7' ],
73 silly audit   '@babel/helper-module-imports': [ '7.29.7' ],
73 silly audit   '@babel/helper-module-transforms': [ '7.29.7' ],
73 silly audit   '@babel/helper-plugin-utils': [ '7.29.7' ],
73 silly audit   '@babel/helper-string-parser': [ '7.29.7' ],
73 silly audit   '@babel/helper-validator-identifier': [ '7.29.7' ],
73 silly audit   '@babel/helper-validator-option': [ '7.29.7' ],
73 silly audit   '@babel/helpers': [ '7.29.7' ],
73 silly audit   '@babel/parser': [ '7.29.7' ],
73 silly audit   '@babel/plugin-transform-react-jsx-self': [ '7.29.7' ],
73 silly audit   '@babel/plugin-transform-react-jsx-source': [ '7.29.7' ],
73 silly audit   '@babel/runtime': [ '7.29.7' ],
73 silly audit   '@babel/template': [ '7.29.7' ],
73 silly audit   '@babel/traverse': [ '7.29.7' ],
73 silly audit   '@babel/types': [ '7.29.7' ],
73 silly audit   '@cspotcode/source-map-support': [ '0.8.1' ],
73 silly audit   '@jridgewell/trace-mapping': [ '0.3.9', '0.3.31' ],
73 silly audit   '@esbuild/aix-ppc64': [ '0.28.1', '0.25.12' ],
73 silly audit   '@esbuild/android-arm': [ '0.28.1', '0.25.12' ],
73 silly audit   '@esbuild/android-arm64': [ '0.28.1', '0.25.12' ],
73 silly audit   '@esbuild/android-x64': [ '0.28.1', '0.25.12' ],
73 silly audit   '@esbuild/darwin-arm64': [ '0.28.1', '0.25.12' ],
73 silly audit   '@esbuild/darwin-x64': [ '0.28.1', '0.25.12' ],
73 silly audit   '@esbuild/freebsd-arm64': [ '0.28.1', '0.25.12' ],
73 silly audit   '@esbuild/freebsd-x64': [ '0.28.1', '0.25.12' ],
73 silly audit   '@esbuild/linux-arm': [ '0.28.1', '0.25.12' ],
73 silly audit   '@esbuild/linux-arm64': [ '0.28.1', '0.25.12' ],
73 silly audit   '@esbuild/linux-ia32': [ '0.28.1', '0.25.12' ],
73 silly audit   '@esbuild/linux-loong64': [ '0.28.1', '0.25.12' ],
73 silly audit   '@esbuild/linux-mips64el': [ '0.28.1', '0.25.12' ],
73 silly audit   '@esbuild/linux-ppc64': [ '0.28.1', '0.25.12' ],
73 silly audit   '@esbuild/linux-riscv64': [ '0.28.1', '0.25.12' ],
73 silly audit   '@esbuild/linux-s390x': [ '0.28.1', '0.25.12' ],
73 silly audit   '@esbuild/linux-x64': [ '0.28.1', '0.25.12' ],
73 silly audit   '@esbuild/netbsd-arm64': [ '0.28.1', '0.25.12' ],
73 silly audit   '@esbuild/netbsd-x64': [ '0.28.1', '0.25.12' ],
73 silly audit   '@esbuild/openbsd-arm64': [ '0.28.1', '0.25.12' ],
73 silly audit   '@esbuild/openbsd-x64': [ '0.28.1', '0.25.12' ],
73 silly audit   '@esbuild/openharmony-arm64': [ '0.28.1', '0.25.12' ],
73 silly audit   '@esbuild/sunos-x64': [ '0.28.1', '0.25.12' ],
73 silly audit   '@esbuild/win32-arm64': [ '0.28.1', '0.25.12' ],
73 silly audit   '@esbuild/win32-ia32': [ '0.28.1', '0.25.12' ],
73 silly audit   '@esbuild/win32-x64': [ '0.28.1', '0.25.12' ],
73 silly audit   '@hookform/resolvers': [ '3.10.0' ],
73 silly audit   '@jridgewell/gen-mapping': [ '0.3.13' ],
73 silly audit   '@jridgewell/remapping': [ '2.3.5' ],
73 silly audit   '@jridgewell/resolve-uri': [ '3.1.2' ],
73 silly audit   '@jridgewell/sourcemap-codec': [ '1.5.5' ],
73 silly audit   '@mediapipe/tasks-vision': [ '0.10.17' ],
73 silly audit   '@monogrid/gainmap-js': [ '3.4.0' ],
73 silly audit   '@nodelib/fs.scandir': [ '2.1.5' ],
73 silly audit   '@nodelib/fs.stat': [ '2.0.5' ],
73 silly audit   '@nodelib/fs.walk': [ '1.2.8' ],
73 silly audit   '@prisma/client': [ '6.19.3' ],
73 silly audit   '@prisma/config': [ '6.19.3' ],
73 silly audit   '@prisma/debug': [ '6.19.3' ],
73 silly audit   '@prisma/engines': [ '6.19.3' ],
73 silly audit   '@prisma/engines-version': [ '7.1.1-3.c2990dca591cba766e3b7ef5d9e8a84796e47ab7' ],
73 silly audit   '@prisma/fetch-engine': [ '6.19.3' ],
73 silly audit   '@prisma/get-platform': [ '6.19.3' ],
73 silly audit   zustand: [ '4.5.7', '5.0.14' ],
73 silly audit   '@rolldown/pluginutils': [ '1.0.0-beta.27' ],
73 silly audit   '@rollup/rollup-android-arm-eabi': [ '4.62.2' ],
73 silly audit   '@rollup/rollup-android-arm64': [ '4.62.2' ],
73 silly audit   '@rollup/rollup-darwin-arm64': [ '4.62.2' ],
73 silly audit   '@rollup/rollup-darwin-x64': [ '4.62.2' ],
73 silly audit   '@rollup/rollup-freebsd-arm64': [ '4.62.2' ],
73 silly audit   '@rollup/rollup-freebsd-x64': [ '4.62.2' ],
73 silly audit   '@rollup/rollup-linux-arm-gnueabihf': [ '4.62.2' ],
73 silly audit   '@rollup/rollup-linux-arm-musleabihf': [ '4.62.2' ],
73 silly audit   '@rollup/rollup-linux-arm64-gnu': [ '4.62.2' ],
73 silly audit   '@rollup/rollup-linux-arm64-musl': [ '4.62.2' ],
73 silly audit   '@rollup/rollup-linux-loong64-gnu': [ '4.62.2' ],
73 silly audit   '@rollup/rollup-linux-loong64-musl': [ '4.62.2' ],
73 silly audit   '@rollup/rollup-linux-ppc64-gnu': [ '4.62.2' ],
73 silly audit   '@rollup/rollup-linux-ppc64-musl': [ '4.62.2' ],
73 silly audit   '@rollup/rollup-linux-riscv64-gnu': [ '4.62.2' ],
73 silly audit   '@rollup/rollup-linux-riscv64-musl': [ '4.62.2' ],
73 silly audit   '@rollup/rollup-linux-s390x-gnu': [ '4.62.2' ],
73 silly audit   '@rollup/rollup-linux-x64-gnu': [ '4.62.2' ],
73 silly audit   '@rollup/rollup-linux-x64-musl': [ '4.62.2' ],
73 silly audit   '@rollup/rollup-openbsd-x64': [ '4.62.2' ],
73 silly audit   '@rollup/rollup-openharmony-arm64': [ '4.62.2' ],
73 silly audit   '@rollup/rollup-win32-arm64-msvc': [ '4.62.2' ],
73 silly audit   '@rollup/rollup-win32-ia32-msvc': [ '4.62.2' ],
73 silly audit   '@rollup/rollup-win32-x64-gnu': [ '4.62.2' ],
73 silly audit   '@rollup/rollup-win32-x64-msvc': [ '4.62.2' ],
73 silly audit   '@standard-schema/spec': [ '1.1.0' ],
73 silly audit   '@tanstack/query-core': [ '5.101.2' ],
73 silly audit   '@tanstack/react-query': [ '5.101.2' ],
73 silly audit   '@tsconfig/node10': [ '1.0.12' ],
73 silly audit   '@tsconfig/node12': [ '1.0.11' ],
73 silly audit   '@tsconfig/node14': [ '1.0.3' ],
73 silly audit   '@tsconfig/node16': [ '1.0.4' ],
73 silly audit   '@tweenjs/tween.js': [ '23.1.3' ],
73 silly audit   '@types/babel__core': [ '7.20.5' ],
73 silly audit   '@types/babel__generator': [ '7.27.0' ],
73 silly audit   '@types/babel__template': [ '7.4.4' ],
73 silly audit   '@types/babel__traverse': [ '7.28.0' ],
73 silly audit   '@types/body-parser': [ '1.19.6' ],
73 silly audit   '@types/connect': [ '3.4.38' ],
73 silly audit   '@types/cors': [ '2.8.19' ],
73 silly audit   '@types/d3': [ '7.4.3' ],
73 silly audit   '@types/d3-array': [ '3.2.2' ],
73 silly audit   '@types/d3-axis': [ '3.0.6' ],
73 silly audit   '@types/d3-brush': [ '3.0.6' ],
73 silly audit   '@types/d3-chord': [ '3.0.6' ],
73 silly audit   '@types/d3-color': [ '3.1.3' ],
73 silly audit   '@types/d3-contour': [ '3.0.6' ],
73 silly audit   '@types/d3-delaunay': [ '6.0.4' ],
73 silly audit   '@types/d3-dispatch': [ '3.0.7' ],
73 silly audit   '@types/d3-drag': [ '3.0.7' ],
73 silly audit   '@types/d3-dsv': [ '3.0.7' ],
73 silly audit   '@types/d3-ease': [ '3.0.2' ],
73 silly audit   '@types/d3-fetch': [ '3.0.7' ],
73 silly audit   '@types/d3-force': [ '3.0.10' ],
73 silly audit   '@types/d3-format': [ '3.0.4' ],
73 silly audit   '@types/d3-geo': [ '3.1.0' ],
73 silly audit   '@types/d3-hierarchy': [ '3.1.7' ],
73 silly audit   '@types/d3-interpolate': [ '3.0.4' ],
73 silly audit   '@types/d3-path': [ '3.1.1' ],
73 silly audit   '@types/d3-polygon': [ '3.0.2' ],
73 silly audit   '@types/d3-quadtree': [ '3.0.6' ],
73 silly audit   '@types/d3-random': [ '3.0.4' ],
73 silly audit   '@types/d3-scale': [ '4.0.9' ],
73 silly audit   '@types/d3-scale-chromatic': [ '3.1.0' ],
73 silly audit   '@types/d3-selection': [ '3.0.11' ],
73 silly audit   '@types/d3-shape': [ '3.1.8' ],
73 silly audit   '@types/d3-time': [ '3.0.4' ],
73 silly audit   '@types/d3-time-format': [ '4.0.3' ],
73 silly audit   '@types/d3-timer': [ '3.0.2' ],
73 silly audit   '@types/d3-transition': [ '3.0.9' ],
73 silly audit   '@types/d3-zoom': [ '3.0.8' ],
73 silly audit   '@types/draco3d': [ '1.4.10' ],
73 silly audit   '@types/estree': [ '1.0.9' ],
73 silly audit   '@types/express': [ '5.0.6' ],
73 silly audit   '@types/express-serve-static-core': [ '5.1.2' ],
73 silly audit   '@types/geojson': [ '7946.0.16' ],
73 silly audit   '@types/http-errors': [ '2.0.5' ],
73 silly audit   '@types/node': [ '22.20.1' ],
73 silly audit   '@types/offscreencanvas': [ '2019.7.3' ],
73 silly audit   '@types/qs': [ '6.15.1' ],
73 silly audit   '@types/range-parser': [ '1.2.7' ],
73 silly audit   '@types/react': [ '19.2.17' ],
73 silly audit   '@types/react-dom': [ '19.2.3' ],
73 silly audit   '@types/send': [ '1.2.1' ],
73 silly audit   '@types/serve-static': [ '2.2.0' ],
73 silly audit   '@types/stats.js': [ '0.17.4' ],
73 silly audit   '@types/three': [ '0.171.0' ],
73 silly audit   '@types/webxr': [ '0.5.24' ],
73 silly audit   '@use-gesture/core': [ '10.3.1' ],
73 silly audit   '@use-gesture/react': [ '10.3.1' ],
73 silly audit   '@vitejs/plugin-react': [ '4.7.0' ],
73 silly audit   '@webgpu/types': [ '0.1.71' ],
73 silly audit   accepts: [ '1.3.8' ],
73 silly audit   acorn: [ '8.17.0' ],
73 silly audit   'acorn-walk': [ '8.3.5' ],
73 silly audit   'ansi-regex': [ '5.0.1' ],
73 silly audit   'ansi-styles': [ '4.3.0' ],
73 silly audit   'any-promise': [ '1.3.0' ],
73 silly audit   anymatch: [ '3.1.3' ],
73 silly audit   arg: [ '5.0.2', '4.1.3' ],
73 silly audit   'array-flatten': [ '1.1.1' ],
73 silly audit   autoprefixer: [ '10.5.4' ],
73 silly audit   'base64-js': [ '1.5.1' ],
73 silly audit   'baseline-browser-mapping': [ '2.10.43' ],
73 silly audit   'bidi-js': [ '1.0.3' ],
73 silly audit   'binary-extensions': [ '2.3.0' ],
73 silly audit   'body-parser': [ '1.20.6' ],
73 silly audit   debug: [ '2.6.9', '4.4.3' ],
73 silly audit   'iconv-lite': [ '0.4.24', '0.6.3' ],
73 silly audit   ms: [ '2.0.0', '2.1.3' ],
73 silly audit   braces: [ '3.0.3' ],
73 silly audit   browserslist: [ '4.28.6' ],
73 silly audit   buffer: [ '6.0.3' ],
73 silly audit   bytes: [ '3.1.2' ],
73 silly audit   c12: [ '3.1.0' ],
73 silly audit   'call-bind-apply-helpers': [ '1.0.2' ],
73 silly audit   'call-bound': [ '1.0.4' ],
73 silly audit   'camelcase-css': [ '2.0.1' ],
73 silly audit   'caniuse-lite': [ '1.0.30001806' ],
73 silly audit   chalk: [ '4.1.2' ],
73 silly audit   'supports-color': [ '7.2.0', '8.1.1' ],
73 silly audit   chokidar: [ '4.0.3', '3.6.0' ],
73 silly audit   citty: [ '0.1.6', '0.2.2' ],
73 silly audit   cliui: [ '8.0.1' ],
73 silly audit   clsx: [ '2.1.1' ],
73 silly audit   'color-convert': [ '2.0.1' ],
73 silly audit   'color-name': [ '1.1.4' ],
73 silly audit   commander: [ '7.2.0', '4.1.1' ],
73 silly audit   concurrently: [ '9.2.4' ],
73 silly audit   confbox: [ '0.2.4' ],
73 silly audit   consola: [ '3.4.2' ],
73 silly audit   'content-disposition': [ '0.5.4' ],
73 silly audit   'content-type': [ '1.0.5' ],
73 silly audit   'convert-source-map': [ '2.0.0' ],
73 silly audit   cookie: [ '0.7.2', '1.1.1' ],
73 silly audit   'cookie-signature': [ '1.0.7' ],
73 silly audit   cors: [ '2.8.6' ],
73 silly audit   'create-require': [ '1.1.1' ],
73 silly audit   'cross-env': [ '7.0.3' ],
73 silly audit   'cross-spawn': [ '7.0.6' ],
73 silly audit   cssesc: [ '3.0.0' ],
73 silly audit   csstype: [ '3.2.3' ],
73 silly audit   d3: [ '7.9.0' ],
73 silly audit   'd3-array': [ '3.2.4' ],
73 silly audit   'd3-axis': [ '3.0.0' ],
73 silly audit   'd3-brush': [ '3.0.0' ],
73 silly audit   'd3-chord': [ '3.0.1' ],
73 silly audit   'd3-color': [ '3.1.0' ],
73 silly audit   'd3-contour': [ '4.0.2' ],
73 silly audit   'd3-delaunay': [ '6.0.4' ],
73 silly audit   'd3-dispatch': [ '3.0.1' ],
73 silly audit   'd3-drag': [ '3.0.0' ],
73 silly audit   'd3-dsv': [ '3.0.1' ],
73 silly audit   'd3-ease': [ '3.0.1' ],
73 silly audit   'd3-fetch': [ '3.0.1' ],
73 silly audit   'd3-force': [ '3.0.0' ],
73 silly audit   'd3-format': [ '3.1.2' ],
73 silly audit   'd3-geo': [ '3.1.1' ],
73 silly audit   'd3-hierarchy': [ '3.1.2' ],
73 silly audit   'd3-interpolate': [ '3.0.1' ],
73 silly audit   'd3-path': [ '3.1.0' ],
73 silly audit   'd3-polygon': [ '3.0.1' ],
73 silly audit   'd3-quadtree': [ '3.0.1' ],
73 silly audit   'd3-random': [ '3.0.1' ],
73 silly audit   'd3-scale': [ '4.0.2' ],
73 silly audit   'd3-scale-chromatic': [ '3.1.0' ],
73 silly audit   'd3-selection': [ '3.0.0' ],
73 silly audit   'd3-shape': [ '3.2.0' ],
73 silly audit   'd3-time': [ '3.1.0' ],
73 silly audit   'd3-time-format': [ '4.1.0' ],
73 silly audit   'd3-timer': [ '3.0.1' ],
73 silly audit   'd3-transition': [ '3.0.1' ],
73 silly audit   'd3-zoom': [ '3.0.0' ],
73 silly audit   'decimal.js-light': [ '2.5.1' ],
73 silly audit   'deepmerge-ts': [ '7.1.5' ],
73 silly audit   defu: [ '6.1.7' ],
73 silly audit   delaunator: [ '5.1.0' ],
73 silly audit   depd: [ '2.0.0' ],
73 silly audit   destr: [ '2.0.5' ],
73 silly audit   destroy: [ '1.2.0' ],
73 silly audit   'detect-gpu': [ '5.0.70' ],
73 silly audit   didyoumean: [ '1.2.2' ],
73 silly audit   diff: [ '4.0.4' ],
73 silly audit   dlv: [ '1.1.3' ],
73 silly audit   'dom-helpers': [ '5.2.1' ],
73 silly audit   dotenv: [ '16.6.1' ],
73 silly audit   draco3d: [ '1.5.7' ],
73 silly audit   'dunder-proto': [ '1.0.1' ],
73 silly audit   'ee-first': [ '1.1.1' ],
73 silly audit   effect: [ '3.21.0' ],
73 silly audit   'electron-to-chromium': [ '1.5.393' ],
73 silly audit   'emoji-regex': [ '8.0.0' ],
73 silly audit   empathic: [ '2.0.0' ],
73 silly audit   encodeurl: [ '2.0.0' ],
73 silly audit   'es-define-property': [ '1.0.1' ],
73 silly audit   'es-errors': [ '1.3.0' ],
73 silly audit   'es-object-atoms': [ '1.1.2' ],
73 silly audit   esbuild: [ '0.28.1', '0.25.12' ],
73 silly audit   escalade: [ '3.2.0' ],
73 silly audit   'escape-html': [ '1.0.3' ],
73 silly audit   etag: [ '1.8.1' ],
73 silly audit   eventemitter3: [ '4.0.7' ],
73 silly audit   express: [ '4.22.2' ],
73 silly audit   exsolve: [ '1.1.0' ],
73 silly audit   'fast-check': [ '3.23.2' ],
73 silly audit   'fast-equals': [ '5.4.1' ],
73 silly audit   'fast-glob': [ '3.3.3' ],
73 silly audit   'glob-parent': [ '5.1.2', '6.0.2' ],
73 silly audit   fastq: [ '1.20.1' ],
73 silly audit   fdir: [ '6.5.0' ],
73 silly audit   fflate: [ '0.8.3', '0.6.10' ],
73 silly audit   'fill-range': [ '7.1.1' ],
73 silly audit   finalhandler: [ '1.3.2' ],
73 silly audit   forwarded: [ '0.2.0' ],
73 silly audit   'fraction.js': [ '5.3.4' ],
73 silly audit   'framer-motion': [ '11.18.2' ],
73 silly audit   fresh: [ '0.5.2' ],
73 silly audit   fsevents: [ '2.3.3' ],
73 silly audit   'function-bind': [ '1.1.2' ],
73 silly audit   gensync: [ '1.0.0-beta.2' ],
73 silly audit   'get-caller-file': [ '2.0.5' ],
73 silly audit   'get-intrinsic': [ '1.3.0' ],
73 silly audit   'get-proto': [ '1.0.1' ],
73 silly audit   giget: [ '2.0.0' ],
73 silly audit   'glsl-noise': [ '0.0.0' ],
73 silly audit   gopd: [ '1.2.0' ],
73 silly audit   'has-flag': [ '4.0.0' ],
73 silly audit   'has-symbols': [ '1.1.0' ],
73 silly audit   hasown: [ '2.0.4' ],
73 silly audit   'hls.js': [ '1.6.16' ],
73 silly audit   'http-errors': [ '2.0.1' ],
73 silly audit   ieee754: [ '1.2.1' ],
73 silly audit   immediate: [ '3.0.6' ],
73 silly audit   inherits: [ '2.0.4' ],
73 silly audit   internmap: [ '2.0.3' ],
73 silly audit   'ipaddr.js': [ '1.9.1' ],
73 silly audit   'is-binary-path': [ '2.1.0' ],
73 silly audit   'is-core-module': [ '2.16.2' ],
73 silly audit   'is-extglob': [ '2.1.1' ],
73 silly audit   'is-fullwidth-code-point': [ '3.0.0' ],
73 silly audit   'is-glob': [ '4.0.3' ],
73 silly audit   'is-number': [ '7.0.0' ],
73 silly audit   'is-promise': [ '2.2.2' ],
73 silly audit   isexe: [ '2.0.0' ],
73 silly audit   jiti: [ '2.7.0', '1.21.7' ],
73 silly audit   'js-tokens': [ '4.0.0' ],
73 silly audit   jsesc: [ '3.1.0' ],
73 silly audit   json5: [ '2.2.3' ],
73 silly audit   lie: [ '3.3.0' ],
73 silly audit   lilconfig: [ '3.1.3' ],
73 silly audit   'lines-and-columns': [ '1.2.4' ],
73 silly audit   lodash: [ '4.18.1' ],
73 silly audit   'loose-envify': [ '1.4.0' ],
73 silly audit   'lru-cache': [ '5.1.1' ],
73 silly audit   'lucide-react': [ '1.25.0' ],
73 silly audit   maath: [ '0.10.8' ],
73 silly audit   'make-error': [ '1.3.6' ],
73 silly audit   'math-intrinsics': [ '1.1.0' ],
73 silly audit   'media-typer': [ '0.3.0' ],
73 silly audit   'merge-descriptors': [ '1.0.3' ],
73 silly audit   merge2: [ '1.4.1' ],
73 silly audit   meshline: [ '3.3.1' ],
73 silly audit   meshoptimizer: [ '0.18.1' ],
73 silly audit   methods: [ '1.1.2' ],
73 silly audit   micromatch: [ '4.0.8' ],
73 silly audit   mime: [ '1.6.0' ],
73 silly audit   'mime-db': [ '1.52.0' ],
73 silly audit   'mime-types': [ '2.1.35' ],
73 silly audit   'motion-dom': [ '11.18.1' ],
73 silly audit   'motion-utils': [ '11.18.1' ],
73 silly audit   mz: [ '2.7.0' ],
73 silly audit   nanoid: [ '3.3.16' ],
73 silly audit   negotiator: [ '0.6.3' ],
73 silly audit   'node-fetch-native': [ '1.6.7' ],
73 silly audit   'node-releases': [ '2.0.51' ],
73 silly audit   'normalize-path': [ '3.0.0' ],
73 silly audit   nypm: [ '0.6.8' ],
73 silly audit   'object-assign': [ '4.1.1' ],
73 silly audit   'object-hash': [ '3.0.0' ],
73 silly audit   'object-inspect': [ '1.13.4' ],
73 silly audit   ohash: [ '2.0.11' ],
73 silly audit   'on-finished': [ '2.4.1' ],
73 silly audit   parseurl: [ '1.3.3' ],
73 silly audit   'path-key': [ '3.1.1' ],
73 silly audit   'path-parse': [ '1.0.7' ],
73 silly audit   'path-to-regexp': [ '0.1.13' ],
73 silly audit   pathe: [ '2.0.3' ],
73 silly audit   'perfect-debounce': [ '1.0.0' ],
73 silly audit   picocolors: [ '1.1.1' ],
73 silly audit   picomatch: [ '2.3.2', '4.0.5' ],
73 silly audit   pify: [ '2.3.0' ],
73 silly audit   pirates: [ '4.0.7' ],
73 silly audit   'pkg-types': [ '2.3.1' ],
73 silly audit   postcss: [ '8.5.20' ],
73 silly audit   'postcss-import': [ '15.1.0' ],
73 silly audit   'postcss-js': [ '4.1.0' ],
73 silly audit   'postcss-load-config': [ '6.0.1' ],
73 silly audit   'postcss-nested': [ '6.2.0' ],
73 silly audit   'postcss-selector-parser': [ '6.1.4' ],
73 silly audit   'postcss-value-parser': [ '4.2.0' ],
73 silly audit   potpack: [ '1.0.2' ],
73 silly audit   prisma: [ '6.19.3' ],
73 silly audit   'promise-worker-transferable': [ '1.0.4' ],
73 silly audit   'prop-types': [ '15.8.1' ],
73 silly audit   'proxy-addr': [ '2.0.7' ],
73 silly audit   'pure-rand': [ '6.1.0' ],
73 silly audit   qs: [ '6.15.3' ],
73 silly audit   'queue-microtask': [ '1.2.3' ],
73 silly audit   'range-parser': [ '1.2.1' ],
73 silly audit   'raw-body': [ '2.5.3' ],
73 silly audit   rc9: [ '2.1.2' ],
73 silly audit   react: [ '19.2.7' ],
73 silly audit   'react-dom': [ '19.2.7' ],
73 silly audit   scheduler: [ '0.27.0' ],
73 silly audit   'react-hook-form': [ '7.82.0' ],
73 silly audit   'react-is': [ '16.13.1', '18.3.1' ],
73 silly audit   'react-refresh': [ '0.17.0' ],
73 silly audit   'react-router': [ '7.18.1' ],
73 silly audit   'react-router-dom': [ '7.18.1' ],
73 silly audit   'react-smooth': [ '4.0.4' ],
73 silly audit   'react-transition-group': [ '4.4.5' ],
73 silly audit   'react-use-measure': [ '2.1.7' ],
73 silly audit   'read-cache': [ '1.0.0' ],
73 silly audit   readdirp: [ '4.1.2', '3.6.0' ],
73 silly audit   recharts: [ '2.15.4' ],
73 silly audit   'recharts-scale': [ '0.4.5' ],
73 silly audit   'require-directory': [ '2.1.1' ],
73 silly audit   'require-from-string': [ '2.0.2' ],
73 silly audit   resolve: [ '1.22.12' ],
73 silly audit   reusify: [ '1.1.0' ],
73 silly audit   'robust-predicates': [ '3.0.3' ],
73 silly audit   rollup: [ '4.62.2' ],
73 silly audit   'run-parallel': [ '1.2.0' ],
73 silly audit   rw: [ '1.3.3' ],
73 silly audit   rxjs: [ '7.8.2' ],
73 silly audit   'safe-buffer': [ '5.2.1' ],
73 silly audit   'safer-buffer': [ '2.1.2' ],
73 silly audit   semver: [ '6.3.1' ],
73 silly audit   send: [ '0.19.2' ],
73 silly audit   'serve-static': [ '1.16.3' ],
73 silly audit   'set-cookie-parser': [ '2.7.2' ],
73 silly audit   setprototypeof: [ '1.2.0' ],
73 silly audit   'shebang-command': [ '2.0.0' ],
73 silly audit   'shebang-regex': [ '3.0.0' ],
73 silly audit   'shell-quote': [ '1.9.0' ],
73 silly audit   'side-channel': [ '1.1.1' ],
73 silly audit   'side-channel-list': [ '1.0.1' ],
73 silly audit   'side-channel-map': [ '1.0.1' ],
73 silly audit   'side-channel-weakmap': [ '1.0.2' ],
73 silly audit   'source-map-js': [ '1.2.1' ],
73 silly audit   'stats-gl': [ '2.4.2' ],
73 silly audit   three: [ '0.170.0', '0.172.0' ],
73 silly audit   'stats.js': [ '0.17.0' ],
73 silly audit   statuses: [ '2.0.2' ],
73 silly audit   'string-width': [ '4.2.3' ],
73 silly audit   'strip-ansi': [ '6.0.1' ],
73 silly audit   sucrase: [ '3.35.1' ],
73 silly audit   'supports-preserve-symlinks-flag': [ '1.0.0' ],
73 silly audit   'suspend-react': [ '0.1.3' ],
73 silly audit   'tailwind-merge': [ '2.6.1' ],
73 silly audit   tailwindcss: [ '3.4.19' ],
73 silly audit   thenify: [ '3.3.1' ],
73 silly audit   'thenify-all': [ '1.6.0' ],
73 silly audit   'three-stdlib': [ '2.36.1' ],
73 silly audit   'tiny-invariant': [ '1.3.3' ],
73 silly audit   tinyexec: [ '1.2.4' ],
73 silly audit   tinyglobby: [ '0.2.17' ],
73 silly audit   'to-regex-range': [ '5.0.1' ],
73 silly audit   toidentifier: [ '1.0.1' ],
73 silly audit   'tree-kill': [ '1.2.2' ],
73 silly audit   'troika-three-text': [ '0.52.4' ],
73 silly audit   'troika-three-utils': [ '0.52.4' ],
73 silly audit   'troika-worker-utils': [ '0.52.0' ],
73 silly audit   'ts-interface-checker': [ '0.1.13' ],
73 silly audit   'ts-node': [ '10.9.2' ],
73 silly audit   tslib: [ '2.8.1' ],
73 silly audit   tsx: [ '4.23.1' ],
73 silly audit   'tunnel-rat': [ '0.1.2' ],
73 silly audit   'type-is': [ '1.6.18' ],
73 silly audit   typescript: [ '5.9.3' ],
73 silly audit   'undici-types': [ '6.21.0' ],
73 silly audit   unpipe: [ '1.0.0' ],
73 silly audit   'update-browserslist-db': [ '1.2.3' ],
73 silly audit   'use-sync-external-store': [ '1.6.0' ],
73 silly audit   'util-deprecate': [ '1.0.2' ],
73 silly audit   'utility-types': [ '3.11.0' ],
73 silly audit   'utils-merge': [ '1.0.1' ],
73 silly audit   'v8-compile-cache-lib': [ '3.0.1' ],
73 silly audit   vary: [ '1.1.2' ],
73 silly audit   'victory-vendor': [ '36.9.2' ],
73 silly audit   vite: [ '6.4.3' ],
73 silly audit   'webgl-constants': [ '1.1.1' ],
73 silly audit   'webgl-sdf-generator': [ '1.1.1' ],
73 silly audit   which: [ '2.0.2' ],
73 silly audit   'wrap-ansi': [ '7.0.0' ],
73 silly audit   y18n: [ '5.0.8' ],
73 silly audit   yallist: [ '3.1.1' ],
73 silly audit   yargs: [ '17.7.2' ],
73 silly audit   'yargs-parser': [ '21.1.1' ],
73 silly audit   yn: [ '3.1.1' ],
73 silly audit   zod: [ '3.25.76' ],
73 silly audit   '@react-three/drei': [ '10.7.7' ],
73 silly audit   '@react-three/fiber': [ '9.6.1' ],
73 silly audit   'camera-controls': [ '3.1.2' ],
73 silly audit   'three-mesh-bvh': [ '0.8.3' ],
73 silly audit   'its-fine': [ '2.0.0' ],
73 silly audit   '@types/react-reconciler': [ '0.28.9' ]
73 silly audit }
74 http cache fsevents@https://registry.npmjs.org/fsevents/-/fsevents-2.3.3.tgz 0ms (cache hit)
75 http cache @types/react-reconciler@https://registry.npmjs.org/@types/react-reconciler/-/react-reconciler-0.28.9.tgz 0ms (cache hit)
76 http cache @react-three/drei@https://registry.npmjs.org/@react-three/drei/-/drei-10.7.7.tgz 0ms (cache hit)
77 http cache scheduler@https://registry.npmjs.org/scheduler/-/scheduler-0.27.0.tgz 0ms (cache hit)
78 http cache camera-controls@https://registry.npmjs.org/camera-controls/-/camera-controls-3.1.2.tgz 0ms (cache hit)
79 http cache three-mesh-bvh@https://registry.npmjs.org/three-mesh-bvh/-/three-mesh-bvh-0.8.3.tgz 0ms (cache hit)
80 http cache @react-three/fiber@https://registry.npmjs.org/@react-three/fiber/-/fiber-9.6.1.tgz 0ms (cache hit)
81 http cache its-fine@https://registry.npmjs.org/its-fine/-/its-fine-2.0.0.tgz 0ms (cache hit)
82 silly tarball no local data for @react-three/drei@https://registry.npmjs.org/@react-three/drei/-/drei-10.7.7.tgz. Extracting by manifest.
83 silly tarball no local data for camera-controls@https://registry.npmjs.org/camera-controls/-/camera-controls-3.1.2.tgz. Extracting by manifest.
84 silly tarball no local data for three-mesh-bvh@https://registry.npmjs.org/three-mesh-bvh/-/three-mesh-bvh-0.8.3.tgz. Extracting by manifest.
85 silly tarball no local data for @react-three/fiber@https://registry.npmjs.org/@react-three/fiber/-/fiber-9.6.1.tgz. Extracting by manifest.
86 silly tarball no local data for its-fine@https://registry.npmjs.org/its-fine/-/its-fine-2.0.0.tgz. Extracting by manifest.
87 http fetch GET 200 https://registry.npmjs.org/three-mesh-bvh/-/three-mesh-bvh-0.8.3.tgz 69ms (cache miss)
88 http fetch GET 200 https://registry.npmjs.org/camera-controls/-/camera-controls-3.1.2.tgz 102ms (cache miss)
89 http fetch GET 200 https://registry.npmjs.org/its-fine/-/its-fine-2.0.0.tgz 202ms (cache miss)
90 http fetch POST 200 https://registry.npmjs.org/-/npm/v1/security/advisories/bulk 293ms
91 silly audit report {}
92 http fetch GET 200 https://registry.npmjs.org/@react-three/drei/-/drei-10.7.7.tgz 459ms (cache miss)
93 http fetch GET 200 https://registry.npmjs.org/@react-three/fiber/-/fiber-9.6.1.tgz 518ms (cache miss)
94 silly ADD node_modules/fsevents
95 silly CHANGE node_modules/@types/react-reconciler
96 silly REMOVE node_modules/@react-spring/core
97 silly CHANGE node_modules/@react-three/fiber
98 silly REMOVE node_modules/@react-three/fiber/node_modules/zustand
99 silly CHANGE node_modules/@react-three/drei
100 silly REMOVE node_modules/@react-spring/types
101 silly REMOVE node_modules/@react-spring/three
102 silly REMOVE node_modules/@react-spring/shared
103 silly REMOVE node_modules/@react-spring/rafz
104 silly REMOVE node_modules/@react-spring/animated
105 silly CHANGE node_modules/three-mesh-bvh
106 silly CHANGE node_modules/scheduler
107 silly REMOVE node_modules/react-reconciler
108 silly REMOVE node_modules/react-composer
109 silly REMOVE node_modules/react-dom/node_modules/scheduler
110 silly CHANGE node_modules/its-fine
111 silly REMOVE node_modules/its-fine/node_modules/@types/react-reconciler
112 silly CHANGE node_modules/camera-controls
113 verbose cwd /Users/darshilsachingunjal/localrepo
114 verbose os Darwin 25.5.0
115 verbose node v24.16.0
116 verbose npm  v11.13.0
117 verbose exit 0
118 info ok
